2025-07-21 10:08:28 INFO  TestCase_Final:26 - ******* Starting the Test Cases  ***********
2025-07-21 10:08:28 INFO  TestCase_Final:27 - Test Case 1 started.
2025-07-21 10:08:28 INFO  TestCase_Final:28 - Clicking on the New Bikes Section.
2025-07-21 10:08:31 INFO  TestCase_Final:33 - Test Case 1 completed.
2025-07-21 10:08:31 INFO  TestCase_Final:39 - Test Case 2 started.
2025-07-21 10:08:39 INFO  TestCase_Final:48 - Test Case 2 completed.
2025-07-21 10:08:39 INFO  TestCase_Final:54 - Test Case 3 started.
2025-07-21 10:08:49 INFO  TestCase_Final:64 - Test Case 3 completed.
2025-07-21 10:08:49 INFO  TestCase_Final:70 - Test Case 4 started.
2025-07-21 10:08:50 INFO  TestCase_Final:82 - Test Case 4 completed.
2025-07-21 10:08:50 INFO  TestCase_Final:88 - Test Case 5 started.
2025-07-21 10:08:52 INFO  TestCase_Final:94 - Test Case 5 completed.
2025-07-21 10:08:52 INFO  TestCase_Final:100 - Test Case 6 started.
2025-07-21 10:08:52 INFO  TestCase_Final:105 - Test Case 6 completed.
2025-07-21 10:08:52 INFO  TestCase_Final:111 - Test Case 7 started.
2025-07-21 10:08:52 INFO  TestCase_Final:116 - Test Case 7 completed.
2025-07-21 10:08:52 INFO  TestCase_Final:122 - Test Case 8 started.
2025-07-21 10:08:53 INFO  TestCase_Final:127 - Test Case 8 completed.
2025-07-21 10:08:53 INFO  TestCase_Final:135 - Test Case 9 started.
2025-07-21 10:08:54 INFO  TestCase_Final:160 - Test Case 10 started.
2025-07-21 10:09:04 INFO  TestCase_Final:182 - Test Case 10 completed.
2025-07-21 10:09:04 INFO  TestCase_Final:187 - Test Case 11 completed.
2025-07-21 10:09:15 INFO  TestCase_Final:208 - Test Case 11 completed.
2025-07-21 10:09:15 INFO  TestCase_Final:209 - ******* Ending the Test Cases  ***********
2025-07-21 10:09:15 INFO  TestCase_Final:155 - Test Case 9 completed.
2025-07-21 10:09:15 INFO  TestCase_Final:135 - Test Case 9 started.
2025-07-21 10:09:16 INFO  TestCase_Final:160 - Test Case 10 started.
2025-07-21 10:09:18 INFO  TestCase_Final:182 - Test Case 10 completed.
2025-07-21 10:09:18 INFO  TestCase_Final:187 - Test Case 11 completed.
2025-07-21 10:09:28 INFO  TestCase_Final:208 - Test Case 11 completed.
2025-07-21 10:09:28 INFO  TestCase_Final:209 - ******* Ending the Test Cases  ***********
2025-07-21 10:09:28 INFO  TestCase_Final:155 - Test Case 9 completed.
2025-07-21 10:49:47 INFO  TestCase_Final:26 - ******* Starting the Test Cases  ***********
2025-07-21 10:49:47 INFO  TestCase_Final:27 - Test Case 1 started.
2025-07-21 10:49:47 INFO  TestCase_Final:28 - Clicking on the New Bikes Section.
2025-07-21 10:49:50 INFO  TestCase_Final:33 - Test Case 1 completed.
2025-07-21 10:49:50 INFO  TestCase_Final:39 - Test Case 2 started.
2025-07-21 10:49:58 INFO  TestCase_Final:48 - Test Case 2 completed.
2025-07-21 10:49:58 INFO  TestCase_Final:54 - Test Case 3 started.
2025-07-21 10:50:08 INFO  TestCase_Final:64 - Test Case 3 completed.
2025-07-21 10:50:08 INFO  TestCase_Final:70 - Test Case 4 started.
2025-07-21 10:50:09 INFO  TestCase_Final:82 - Test Case 4 completed.
2025-07-21 10:50:09 INFO  TestCase_Final:88 - Test Case 5 started.
2025-07-21 10:50:10 INFO  TestCase_Final:94 - Test Case 5 completed.
2025-07-21 10:50:10 INFO  TestCase_Final:100 - Test Case 6 started.
2025-07-21 10:50:10 INFO  TestCase_Final:105 - Test Case 6 completed.
2025-07-21 10:50:10 INFO  TestCase_Final:111 - Test Case 7 started.
2025-07-21 10:50:11 INFO  TestCase_Final:116 - Test Case 7 completed.
2025-07-21 10:50:11 INFO  TestCase_Final:122 - Test Case 8 started.
2025-07-21 10:50:11 INFO  TestCase_Final:127 - Test Case 8 completed.
2025-07-21 10:50:11 INFO  TestCase_Final:135 - Test Case 9 started.
2025-07-21 10:50:12 INFO  TestCase_Final:160 - Test Case 10 started.
2025-07-21 10:50:22 INFO  TestCase_Final:182 - Test Case 10 completed.
2025-07-21 10:50:22 INFO  TestCase_Final:187 - Test Case 11 completed.
2025-07-21 10:50:33 INFO  TestCase_Final:208 - Test Case 11 completed.
2025-07-21 10:50:33 INFO  TestCase_Final:209 - ******* Ending the Test Cases  ***********
2025-07-21 10:50:33 INFO  TestCase_Final:155 - Test Case 9 completed.
2025-07-21 10:50:33 INFO  TestCase_Final:135 - Test Case 9 started.
2025-07-21 10:50:33 INFO  TestCase_Final:160 - Test Case 10 started.
2025-07-21 10:50:43 INFO  TestCase_Final:182 - Test Case 10 completed.
2025-07-21 10:50:43 INFO  TestCase_Final:187 - Test Case 11 completed.
2025-07-21 10:50:53 INFO  TestCase_Final:208 - Test Case 11 completed.
2025-07-21 10:50:53 INFO  TestCase_Final:209 - ******* Ending the Test Cases  ***********
2025-07-21 10:50:54 INFO  TestCase_Final:155 - Test Case 9 completed.
2025-07-21 10:52:24 INFO  TestCase_Final:26 - ******* Starting the Test Cases  ***********
2025-07-21 10:52:24 INFO  TestCase_Final:27 - Test Case 1 started.
2025-07-21 10:52:24 INFO  TestCase_Final:28 - Clicking on the New Bikes Section.
2025-07-21 10:52:25 INFO  TestCase_Final:33 - Test Case 1 completed.
2025-07-21 10:52:25 INFO  TestCase_Final:39 - Test Case 2 started.
2025-07-21 10:52:33 INFO  TestCase_Final:48 - Test Case 2 completed.
2025-07-21 10:52:33 INFO  TestCase_Final:54 - Test Case 3 started.
2025-07-21 10:52:42 INFO  TestCase_Final:64 - Test Case 3 completed.
2025-07-21 10:52:42 INFO  TestCase_Final:70 - Test Case 4 started.
2025-07-21 10:52:43 INFO  TestCase_Final:82 - Test Case 4 completed.
2025-07-21 10:52:43 INFO  TestCase_Final:88 - Test Case 5 started.
2025-07-21 10:52:46 INFO  TestCase_Final:94 - Test Case 5 completed.
2025-07-21 10:52:47 INFO  TestCase_Final:100 - Test Case 6 started.
2025-07-21 10:52:47 INFO  TestCase_Final:105 - Test Case 6 completed.
2025-07-21 10:52:47 INFO  TestCase_Final:111 - Test Case 7 started.
2025-07-21 10:52:47 INFO  TestCase_Final:116 - Test Case 7 completed.
2025-07-21 10:52:47 INFO  TestCase_Final:122 - Test Case 8 started.
2025-07-21 10:52:48 INFO  TestCase_Final:127 - Test Case 8 completed.
2025-07-21 10:52:48 INFO  TestCase_Final:135 - Test Case 9 started.
2025-07-21 10:52:49 INFO  TestCase_Final:160 - Test Case 10 started.
2025-07-21 10:53:01 INFO  TestCase_Final:182 - Test Case 10 completed.
2025-07-21 10:53:01 INFO  TestCase_Final:187 - Test Case 11 completed.
2025-07-21 10:53:02 INFO  TestCase_Final:208 - Test Case 11 completed.
2025-07-21 10:53:02 INFO  TestCase_Final:209 - ******* Ending the Test Cases  ***********
2025-07-21 10:53:02 INFO  TestCase_Final:155 - Test Case 9 completed.
2025-07-21 10:53:02 INFO  TestCase_Final:135 - Test Case 9 started.
2025-07-21 10:53:03 INFO  TestCase_Final:160 - Test Case 10 started.
2025-07-21 10:53:04 INFO  TestCase_Final:182 - Test Case 10 completed.
2025-07-21 10:53:04 INFO  TestCase_Final:187 - Test Case 11 completed.
2025-07-21 10:53:14 INFO  TestCase_Final:208 - Test Case 11 completed.
2025-07-21 10:53:14 INFO  TestCase_Final:209 - ******* Ending the Test Cases  ***********
2025-07-21 10:53:14 INFO  TestCase_Final:155 - Test Case 9 completed.
2025-07-21 12:49:04 INFO  TestCase_Final:26 - ******* Starting the Test Cases  ***********
2025-07-21 12:49:04 INFO  TestCase_Final:27 - Test Case 1 started.
2025-07-21 12:49:04 INFO  TestCase_Final:28 - Clicking on the New Bikes Section.
2025-07-21 12:49:06 INFO  TestCase_Final:33 - Test Case 1 completed.
2025-07-21 12:49:06 INFO  TestCase_Final:39 - Test Case 2 started.
2025-07-21 12:49:15 INFO  TestCase_Final:48 - Test Case 2 completed.
2025-07-21 12:49:15 INFO  TestCase_Final:54 - Test Case 3 started.
2025-07-21 12:49:24 INFO  TestCase_Final:64 - Test Case 3 completed.
2025-07-21 12:49:24 INFO  TestCase_Final:70 - Test Case 4 started.
2025-07-21 12:49:26 INFO  TestCase_Final:82 - Test Case 4 completed.
2025-07-21 12:49:26 INFO  TestCase_Final:88 - Test Case 5 started.
2025-07-21 12:49:28 INFO  TestCase_Final:94 - Test Case 5 completed.
2025-07-21 12:49:28 INFO  TestCase_Final:100 - Test Case 6 started.
2025-07-21 12:49:28 INFO  TestCase_Final:105 - Test Case 6 completed.
2025-07-21 12:49:28 INFO  TestCase_Final:111 - Test Case 7 started.
2025-07-21 12:49:28 INFO  TestCase_Final:116 - Test Case 7 completed.
2025-07-21 12:49:28 INFO  TestCase_Final:122 - Test Case 8 started.
2025-07-21 12:49:29 INFO  TestCase_Final:127 - Test Case 8 completed.
2025-07-21 12:49:30 INFO  TestCase_Final:135 - Test Case 9 started.
2025-07-21 12:49:31 INFO  TestCase_Final:160 - Test Case 10 started.
2025-07-21 12:49:42 INFO  TestCase_Final:182 - Test Case 10 completed.
2025-07-21 12:49:42 INFO  TestCase_Final:187 - Test Case 11 completed.
2025-07-21 12:49:52 INFO  TestCase_Final:208 - Test Case 11 completed.
2025-07-21 12:49:52 INFO  TestCase_Final:209 - ******* Ending the Test Cases  ***********
2025-07-21 12:49:52 INFO  TestCase_Final:155 - Test Case 9 completed.
2025-07-21 12:49:52 INFO  TestCase_Final:135 - Test Case 9 started.
2025-07-21 12:49:54 INFO  TestCase_Final:160 - Test Case 10 started.
2025-07-21 12:49:56 INFO  TestCase_Final:182 - Test Case 10 completed.
2025-07-21 12:49:56 INFO  TestCase_Final:187 - Test Case 11 completed.
2025-07-21 12:50:06 INFO  TestCase_Final:208 - Test Case 11 completed.
2025-07-21 12:50:06 INFO  TestCase_Final:209 - ******* Ending the Test Cases  ***********
2025-07-21 12:50:06 INFO  TestCase_Final:155 - Test Case 9 completed.
